Flow report for cic_comp
Fri Apr 11 10:00:17 2025
Quartus Prime Version 17.1.1 Internal Build 593 12/11/2017 SJ Standard Edition


---------------------
; Table of Contents ;
---------------------
  1. Legal Notice
  2. Flow Summary
  3. Flow Settings
  4. Flow Non-Default Global Settings
  5. Flow Elapsed Time
  6. Flow OS Summary
  7. Flow Log
  8. Flow Messages
  9. Flow Suppressed Messages



----------------
; Legal Notice ;
----------------
Copyright (C) 2017  Intel Corporation. All rights reserved.
Your use of Intel Corporation's design tools, logic functions 
and other software and tools, and its AMPP partner logic 
functions, and any output files from any of the foregoing 
(including device programming or simulation files), and any 
associated documentation or information are expressly subject 
to the terms and conditions of the Intel Program License 
Subscription Agreement, the Intel Quartus Prime License Agreement,
the Intel FPGA IP License Agreement, or other applicable license
agreement, including, without limitation, that your use is for
the sole purpose of programming logic devices manufactured by
Intel and sold by Intel or its authorized distributors.  Please
refer to the applicable agreement for further details.



+-----------------------------------------------------------------------------------------------+
; Flow Summary                                                                                  ;
+------------------------------------+----------------------------------------------------------+
; Flow Status                        ; Successful - Fri Apr 11 09:59:35 2025                    ;
; Quartus Prime Version              ; 17.1.1 Internal Build 593 12/11/2017 SJ Standard Edition ;
; Revision Name                      ; cic_comp                                                 ;
; Top-level Entity Name              ; comp_cic_wrp                                             ;
; Family                             ; Cyclone IV E                                             ;
; Device                             ; EP4CE115F29C7                                            ;
; Timing Models                      ; Final                                                    ;
; Total logic elements               ; 441 / 114,480 ( < 1 % )                                  ;
;     Total combinational functions  ; 262 / 114,480 ( < 1 % )                                  ;
;     Dedicated logic registers      ; 372 / 114,480 ( < 1 % )                                  ;
; Total registers                    ; 372                                                      ;
; Total pins                         ; 38 / 529 ( 7 % )                                         ;
; Total virtual pins                 ; 0                                                        ;
; Total memory bits                  ; 0 / 3,981,312 ( 0 % )                                    ;
; Embedded Multiplier 9-bit elements ; 2 / 532 ( < 1 % )                                        ;
; Total PLLs                         ; 0 / 4 ( 0 % )                                            ;
+------------------------------------+----------------------------------------------------------+


+-----------------------------------------+
; Flow Settings                           ;
+-------------------+---------------------+
; Option            ; Setting             ;
+-------------------+---------------------+
; Start date & time ; 04/11/2025 09:56:51 ;
; Main task         ; Compilation         ;
; Revision Name     ; cic_comp            ;
+-------------------+---------------------+


+--------------------------------------------------------------------------------------------------------------------------+
; Flow Non-Default Global Settings                                                                                         ;
+-------------------------------------+----------------------------------------+---------------+--------------+------------+
; Assignment Name                     ; Value                                  ; Default Value ; Entity Name  ; Section Id ;
+-------------------------------------+----------------------------------------+---------------+--------------+------------+
; COMPILER_SIGNATURE_ID               ; 345042518397.174435821020200           ; --            ; --           ; --         ;
; MAX_CORE_JUNCTION_TEMP              ; 85                                     ; --            ; --           ; --         ;
; MIN_CORE_JUNCTION_TEMP              ; 0                                      ; --            ; --           ; --         ;
; NOMINAL_CORE_SUPPLY_VOLTAGE         ; 1.2V                                   ; --            ; --           ; --         ;
; PARTITION_COLOR                     ; -- (Not supported for targeted family) ; --            ; comp_cic_wrp ; Top        ;
; PARTITION_FITTER_PRESERVATION_LEVEL ; -- (Not supported for targeted family) ; --            ; comp_cic_wrp ; Top        ;
; PARTITION_NETLIST_TYPE              ; -- (Not supported for targeted family) ; --            ; comp_cic_wrp ; Top        ;
; PROJECT_OUTPUT_DIRECTORY            ; output_files                           ; --            ; --           ; --         ;
; TOP_LEVEL_ENTITY                    ; comp_cic_wrp                           ; cic_comp      ; --           ; --         ;
+-------------------------------------+----------------------------------------+---------------+--------------+------------+


+-------------------------------------------------------------------------------------------------------------------------------+
; Flow Elapsed Time                                                                                                             ;
+---------------------------+--------------+-------------------------+---------------------+------------------------------------+
; Module Name               ; Elapsed Time ; Average Processors Used ; Peak Virtual Memory ; Total CPU Time (on all processors) ;
+---------------------------+--------------+-------------------------+---------------------+------------------------------------+
; Analysis & Synthesis      ; 00:00:36     ; 1.0                     ; 728 MB              ; 00:00:32                           ;
; Fitter                    ; 00:00:56     ; 1.0                     ; 2266 MB             ; 00:00:41                           ;
; Assembler                 ; 00:00:40     ; 1.0                     ; 580 MB              ; 00:00:04                           ;
; TimeQuest Timing Analyzer ; 00:00:37     ; 1.0                     ; 840 MB              ; 00:00:04                           ;
; Total                     ; 00:02:49     ; --                      ; --                  ; 00:01:21                           ;
+---------------------------+--------------+-------------------------+---------------------+------------------------------------+


+-----------------------------------------------------------------------------------------+
; Flow OS Summary                                                                         ;
+---------------------------+------------------+------------+------------+----------------+
; Module Name               ; Machine Hostname ; OS Name    ; OS Version ; Processor type ;
+---------------------------+------------------+------------+------------+----------------+
; Analysis & Synthesis      ; master-wetsit    ; Windows 10 ; 10.0       ; x86_64         ;
; Fitter                    ; master-wetsit    ; Windows 10 ; 10.0       ; x86_64         ;
; Assembler                 ; master-wetsit    ; Windows 10 ; 10.0       ; x86_64         ;
; TimeQuest Timing Analyzer ; master-wetsit    ; Windows 10 ; 10.0       ; x86_64         ;
+---------------------------+------------------+------------+------------+----------------+


------------
; Flow Log ;
------------
quartus_map --read_settings_files=on --write_settings_files=off cic_comp -c cic_comp
quartus_fit --read_settings_files=off --write_settings_files=off cic_comp -c cic_comp
quartus_asm --read_settings_files=off --write_settings_files=off cic_comp -c cic_comp
quartus_sta cic_comp -c cic_comp



