Assembler report for cic_comp
Fri Apr 11 09:59:35 2025
Quartus Prime Version 17.1.1 Internal Build 593 12/11/2017 SJ Standard Edition


---------------------
; Table of Contents ;
---------------------
  1. Legal Notice
  2. Assembler Summary
  3. Assembler Settings
  4. Assembler Generated Files
  5. Assembler Device Options: W:/MASTER_1/PDS-Practicas/Practica4/P4_1/quartus/output_files/cic_comp.sof
  6. Assembler Messages



----------------
; Legal Notice ;
----------------
Copyright (C) 2017  Intel Corporation. All rights reserved.
Your use of Intel Corporation's design tools, logic functions 
and other software and tools, and its AMPP partner logic 
functions, and any output files from any of the foregoing 
(including device programming or simulation files), and any 
associated documentation or information are expressly subject 
to the terms and conditions of the Intel Program License 
Subscription Agreement, the Intel Quartus Prime License Agreement,
the Intel FPGA IP License Agreement, or other applicable license
agreement, including, without limitation, that your use is for
the sole purpose of programming logic devices manufactured by
Intel and sold by Intel or its authorized distributors.  Please
refer to the applicable agreement for further details.



+---------------------------------------------------------------+
; Assembler Summary                                             ;
+-----------------------+---------------------------------------+
; Assembler Status      ; Successful - Fri Apr 11 09:59:35 2025 ;
; Revision Name         ; cic_comp                              ;
; Top-level Entity Name ; comp_cic_wrp                          ;
; Family                ; Cyclone IV E                          ;
; Device                ; EP4CE115F29C7                         ;
+-----------------------+---------------------------------------+


+----------------------------------+
; Assembler Settings               ;
+--------+---------+---------------+
; Option ; Setting ; Default Value ;
+--------+---------+---------------+


+----------------------------------------------------------------------------+
; Assembler Generated Files                                                  ;
+----------------------------------------------------------------------------+
; File Name                                                                  ;
+----------------------------------------------------------------------------+
; W:/MASTER_1/PDS-Practicas/Practica4/P4_1/quartus/output_files/cic_comp.sof ;
+----------------------------------------------------------------------------+


+------------------------------------------------------------------------------------------------------+
; Assembler Device Options: W:/MASTER_1/PDS-Practicas/Practica4/P4_1/quartus/output_files/cic_comp.sof ;
+----------------+-------------------------------------------------------------------------------------+
; Option         ; Setting                                                                             ;
+----------------+-------------------------------------------------------------------------------------+
; JTAG usercode  ; 0x0059E528                                                                          ;
; Checksum       ; 0x0059E528                                                                          ;
+----------------+-------------------------------------------------------------------------------------+


+--------------------+
; Assembler Messages ;
+--------------------+
Info: *******************************************************************
Info: Running Quartus Prime Assembler
    Info: Version 17.1.1 Internal Build 593 12/11/2017 SJ Standard Edition
    Info: Processing started: Fri Apr 11 09:58:55 2025
Info: Command: quartus_asm --read_settings_files=off --write_settings_files=off cic_comp -c cic_comp
Warning (18236): Number of processors has not been specified which may cause overloading on shared machines.  Set the global assignment NUM_PARALLEL_PROCESSORS in your QSF to an appropriate value for best performance.
Info (115031): Writing out detailed assembly data for power analysis
Info (115030): Assembler is generating device programming files
Info: Quartus Prime Assembler was successful. 0 errors, 1 warning
    Info: Peak virtual memory: 581 megabytes
    Info: Processing ended: Fri Apr 11 09:59:35 2025
    Info: Elapsed time: 00:00:40
    Info: Total CPU time (on all processors): 00:00:04


