Analysis & Synthesis report for cic_comp
Fri Apr 11 09:57:14 2025
Quartus Prime Version 17.1.1 Internal Build 593 12/11/2017 SJ Standard Edition


---------------------
; Table of Contents ;
---------------------
  1. Legal Notice
  2. Analysis & Synthesis Summary
  3. Analysis & Synthesis Settings
  4. Parallel Compilation
  5. Analysis & Synthesis Source Files Read
  6. Analysis & Synthesis Resource Usage Summary
  7. Analysis & Synthesis Resource Utilization by Entity
  8. Analysis & Synthesis DSP Block Usage Summary
  9. State Machine - |comp_cic_wrp|comp_cic:UUT|comp_cic_pc:UUT|comp_cic_control:control|state
 10. Registers Removed During Synthesis
 11. General Register Statistics
 12. Multiplexer Restructuring Statistics (Restructuring Performed)
 13. Parameter Settings for User Entity Instance: Top-level Entity: |comp_cic_wrp
 14. Parameter Settings for User Entity Instance: comp_cic:UUT
 15. Parameter Settings for User Entity Instance: comp_cic:UUT|comp_cic_pc:UUT
 16. Parameter Settings for User Entity Instance: comp_cic:UUT|comp_cic_pc:UUT|comp_cic_control:control
 17. Parameter Settings for User Entity Instance: comp_cic:UUT|comp_cic_pc:UUT|comp_cic_reg_desp:reg_desp
 18. Parameter Settings for User Entity Instance: comp_cic:UUT|comp_cic_pc:UUT|comp_cic_rom:rom
 19. Parameter Settings for User Entity Instance: comp_cic:UUT|comp_cic_pc:UUT|comp_cic_mac:mac
 20. Parameter Settings for Inferred Entity Instance: comp_cic:UUT|comp_cic_pc:UUT|comp_cic_mac:mac|lpm_mult:Mult0
 21. lpm_mult Parameter Settings by Entity Instance
 22. Port Connectivity Checks: "comp_cic:UUT|comp_cic_pc:UUT"
 23. Post-Synthesis Netlist Statistics for Top Partition
 24. Elapsed Time Per Partition
 25. Analysis & Synthesis Messages



----------------
; Legal Notice ;
----------------
Copyright (C) 2017  Intel Corporation. All rights reserved.
Your use of Intel Corporation's design tools, logic functions 
and other software and tools, and its AMPP partner logic 
functions, and any output files from any of the foregoing 
(including device programming or simulation files), and any 
associated documentation or information are expressly subject 
to the terms and conditions of the Intel Program License 
Subscription Agreement, the Intel Quartus Prime License Agreement,
the Intel FPGA IP License Agreement, or other applicable license
agreement, including, without limitation, that your use is for
the sole purpose of programming logic devices manufactured by
Intel and sold by Intel or its authorized distributors.  Please
refer to the applicable agreement for further details.



+-----------------------------------------------------------------------------------------------+
; Analysis & Synthesis Summary                                                                  ;
+------------------------------------+----------------------------------------------------------+
; Analysis & Synthesis Status        ; Successful - Fri Apr 11 09:57:14 2025                    ;
; Quartus Prime Version              ; 17.1.1 Internal Build 593 12/11/2017 SJ Standard Edition ;
; Revision Name                      ; cic_comp                                                 ;
; Top-level Entity Name              ; comp_cic_wrp                                             ;
; Family                             ; Cyclone IV E                                             ;
; Total logic elements               ; 588                                                      ;
;     Total combinational functions  ; 260                                                      ;
;     Dedicated logic registers      ; 403                                                      ;
; Total registers                    ; 403                                                      ;
; Total pins                         ; 38                                                       ;
; Total virtual pins                 ; 0                                                        ;
; Total memory bits                  ; 0                                                        ;
; Embedded Multiplier 9-bit elements ; 2                                                        ;
; Total PLLs                         ; 0                                                        ;
+------------------------------------+----------------------------------------------------------+


+----------------------------------------------------------------------------------------------------------------------+
; Analysis & Synthesis Settings                                                                                        ;
+----------------------------------------------------------------------------+--------------------+--------------------+
; Option                                                                     ; Setting            ; Default Value      ;
+----------------------------------------------------------------------------+--------------------+--------------------+
; Device                                                                     ; EP4CE115F29C7      ;                    ;
; Top-level entity name                                                      ; comp_cic_wrp       ; cic_comp           ;
; Family name                                                                ; Cyclone IV E       ; Cyclone V          ;
; Use smart compilation                                                      ; Off                ; Off                ;
; Enable parallel Assembler and TimeQuest Timing Analyzer during compilation ; On                 ; On                 ;
; Enable compact report table                                                ; Off                ; Off                ;
; Restructure Multiplexers                                                   ; Auto               ; Auto               ;
; Create Debugging Nodes for IP Cores                                        ; Off                ; Off                ;
; Preserve fewer node names                                                  ; On                 ; On                 ;
; Intel FPGA IP Evaluation Mode                                              ; Enable             ; Enable             ;
; Verilog Version                                                            ; Verilog_2001       ; Verilog_2001       ;
; VHDL Version                                                               ; VHDL_1993          ; VHDL_1993          ;
; State Machine Processing                                                   ; Auto               ; Auto               ;
; Safe State Machine                                                         ; Off                ; Off                ;
; Extract Verilog State Machines                                             ; On                 ; On                 ;
; Extract VHDL State Machines                                                ; On                 ; On                 ;
; Ignore Verilog initial constructs                                          ; Off                ; Off                ;
; Iteration limit for constant Verilog loops                                 ; 5000               ; 5000               ;
; Iteration limit for non-constant Verilog loops                             ; 250                ; 250                ;
; Add Pass-Through Logic to Inferred RAMs                                    ; On                 ; On                 ;
; Infer RAMs from Raw Logic                                                  ; On                 ; On                 ;
; Parallel Synthesis                                                         ; On                 ; On                 ;
; DSP Block Balancing                                                        ; Auto               ; Auto               ;
; NOT Gate Push-Back                                                         ; On                 ; On                 ;
; Power-Up Don't Care                                                        ; On                 ; On                 ;
; Remove Redundant Logic Cells                                               ; Off                ; Off                ;
; Remove Duplicate Registers                                                 ; On                 ; On                 ;
; Ignore CARRY Buffers                                                       ; Off                ; Off                ;
; Ignore CASCADE Buffers                                                     ; Off                ; Off                ;
; Ignore GLOBAL Buffers                                                      ; Off                ; Off                ;
; Ignore ROW GLOBAL Buffers                                                  ; Off                ; Off                ;
; Ignore LCELL Buffers                                                       ; Off                ; Off                ;
; Ignore SOFT Buffers                                                        ; On                 ; On                 ;
; Limit AHDL Integers to 32 Bits                                             ; Off                ; Off                ;
; Optimization Technique                                                     ; Balanced           ; Balanced           ;
; Carry Chain Length                                                         ; 70                 ; 70                 ;
; Auto Carry Chains                                                          ; On                 ; On                 ;
; Auto Open-Drain Pins                                                       ; On                 ; On                 ;
; Perform WYSIWYG Primitive Resynthesis                                      ; Off                ; Off                ;
; Auto ROM Replacement                                                       ; On                 ; On                 ;
; Auto RAM Replacement                                                       ; On                 ; On                 ;
; Auto DSP Block Replacement                                                 ; On                 ; On                 ;
; Auto Shift Register Replacement                                            ; Auto               ; Auto               ;
; Allow Shift Register Merging across Hierarchies                            ; Auto               ; Auto               ;
; Auto Clock Enable Replacement                                              ; On                 ; On                 ;
; Strict RAM Replacement                                                     ; Off                ; Off                ;
; Allow Synchronous Control Signals                                          ; On                 ; On                 ;
; Force Use of Synchronous Clear Signals                                     ; Off                ; Off                ;
; Auto RAM Block Balancing                                                   ; On                 ; On                 ;
; Auto RAM to Logic Cell Conversion                                          ; Off                ; Off                ;
; Auto Resource Sharing                                                      ; Off                ; Off                ;
; Allow Any RAM Size For Recognition                                         ; Off                ; Off                ;
; Allow Any ROM Size For Recognition                                         ; Off                ; Off                ;
; Allow Any Shift Register Size For Recognition                              ; Off                ; Off                ;
; Use LogicLock Constraints during Resource Balancing                        ; On                 ; On                 ;
; Ignore translate_off and synthesis_off directives                          ; Off                ; Off                ;
; Timing-Driven Synthesis                                                    ; On                 ; On                 ;
; Report Parameter Settings                                                  ; On                 ; On                 ;
; Report Source Assignments                                                  ; On                 ; On                 ;
; Report Connectivity Checks                                                 ; On                 ; On                 ;
; Ignore Maximum Fan-Out Assignments                                         ; Off                ; Off                ;
; Synchronization Register Chain Length                                      ; 2                  ; 2                  ;
; Power Optimization During Synthesis                                        ; Normal compilation ; Normal compilation ;
; HDL message level                                                          ; Level2             ; Level2             ;
; Suppress Register Optimization Related Messages                            ; Off                ; Off                ;
; Number of Removed Registers Reported in Synthesis Report                   ; 5000               ; 5000               ;
; Number of Swept Nodes Reported in Synthesis Report                         ; 5000               ; 5000               ;
; Number of Inverted Registers Reported in Synthesis Report                  ; 100                ; 100                ;
; Clock MUX Protection                                                       ; On                 ; On                 ;
; Auto Gated Clock Conversion                                                ; Off                ; Off                ;
; Block Design Naming                                                        ; Auto               ; Auto               ;
; SDC constraint protection                                                  ; Off                ; Off                ;
; Synthesis Effort                                                           ; Auto               ; Auto               ;
; Shift Register Replacement - Allow Asynchronous Clear Signal               ; On                 ; On                 ;
; Pre-Mapping Resynthesis Optimization                                       ; Off                ; Off                ;
; Analysis & Synthesis Message Level                                         ; Medium             ; Medium             ;
; Disable Register Merging Across Hierarchies                                ; Auto               ; Auto               ;
; Resource Aware Inference For Block RAM                                     ; On                 ; On                 ;
+----------------------------------------------------------------------------+--------------------+--------------------+


+------------------------------------------+
; Parallel Compilation                     ;
+----------------------------+-------------+
; Processors                 ; Number      ;
+----------------------------+-------------+
; Number detected on machine ; 12          ;
; Maximum allowed            ; 12          ;
;                            ;             ;
; Average used               ; 1.00        ;
; Maximum used               ; 12          ;
;                            ;             ;
; Usage by Processor         ; % Time Used ;
;     Processor 1            ; 100.0%      ;
;     Processors 2-12        ;   0.0%      ;
+----------------------------+-------------+


+----------------------------------------------------------------------------------------------------------------------------------------------------------------------------------------------------------+
; Analysis & Synthesis Source Files Read                                                                                                                                                                   ;
+-----------------------------------------------------------------------+-----------------+------------------------------+-----------------------------------------------------------------------+---------+
; File Name with User-Entered Path                                      ; Used in Netlist ; File Type                    ; File Name with Absolute Path                                          ; Library ;
+-----------------------------------------------------------------------+-----------------+------------------------------+-----------------------------------------------------------------------+---------+
; ../src/comp_cic_wrp.sv                                                ; yes             ; User SystemVerilog HDL File  ; W:/MASTER_1/PDS-Practicas/Practica4/P4_1/src/comp_cic_wrp.sv          ;         ;
; ../src/comp_cic_rom.sv                                                ; yes             ; User SystemVerilog HDL File  ; W:/MASTER_1/PDS-Practicas/Practica4/P4_1/src/comp_cic_rom.sv          ;         ;
; ../src/comp_cic_reg_desp.sv                                           ; yes             ; User SystemVerilog HDL File  ; W:/MASTER_1/PDS-Practicas/Practica4/P4_1/src/comp_cic_reg_desp.sv     ;         ;
; ../src/comp_cic_pc.sv                                                 ; yes             ; User SystemVerilog HDL File  ; W:/MASTER_1/PDS-Practicas/Practica4/P4_1/src/comp_cic_pc.sv           ;         ;
; ../src/comp_cic_mac.sv                                                ; yes             ; User SystemVerilog HDL File  ; W:/MASTER_1/PDS-Practicas/Practica4/P4_1/src/comp_cic_mac.sv          ;         ;
; ../src/comp_cic_control.sv                                            ; yes             ; User SystemVerilog HDL File  ; W:/MASTER_1/PDS-Practicas/Practica4/P4_1/src/comp_cic_control.sv      ;         ;
; ../src/comp_cic.sv                                                    ; yes             ; User SystemVerilog HDL File  ; W:/MASTER_1/PDS-Practicas/Practica4/P4_1/src/comp_cic.sv              ;         ;
; /master_1/pds-practicas/practica4/p4_1/sim/iof/rom_coefs_comp_cic.txt ; yes             ; Auto-Found File              ; /master_1/pds-practicas/practica4/p4_1/sim/iof/rom_coefs_comp_cic.txt ;         ;
; lpm_mult.tdf                                                          ; yes             ; Megafunction                 ; c:/intelfpga/17.1/quartus/libraries/megafunctions/lpm_mult.tdf        ;         ;
; aglobal171.inc                                                        ; yes             ; Megafunction                 ; c:/intelfpga/17.1/quartus/libraries/megafunctions/aglobal171.inc      ;         ;
; lpm_add_sub.inc                                                       ; yes             ; Megafunction                 ; c:/intelfpga/17.1/quartus/libraries/megafunctions/lpm_add_sub.inc     ;         ;
; multcore.inc                                                          ; yes             ; Megafunction                 ; c:/intelfpga/17.1/quartus/libraries/megafunctions/multcore.inc        ;         ;
; bypassff.inc                                                          ; yes             ; Megafunction                 ; c:/intelfpga/17.1/quartus/libraries/megafunctions/bypassff.inc        ;         ;
; altshift.inc                                                          ; yes             ; Megafunction                 ; c:/intelfpga/17.1/quartus/libraries/megafunctions/altshift.inc        ;         ;
; db/mult_86t.tdf                                                       ; yes             ; Auto-Generated Megafunction  ; W:/MASTER_1/PDS-Practicas/Practica4/P4_1/quartus/db/mult_86t.tdf      ;         ;
+-----------------------------------------------------------------------+-----------------+------------------------------+-----------------------------------------------------------------------+---------+


+---------------------------------------------------------+
; Analysis & Synthesis Resource Usage Summary             ;
+---------------------------------------------+-----------+
; Resource                                    ; Usage     ;
+---------------------------------------------+-----------+
; Estimated Total logic elements              ; 588       ;
;                                             ;           ;
; Total combinational functions               ; 260       ;
; Logic element usage by number of LUT inputs ;           ;
;     -- 4 input functions                    ; 197       ;
;     -- 3 input functions                    ; 45        ;
;     -- <=2 input functions                  ; 18        ;
;                                             ;           ;
; Logic elements by mode                      ;           ;
;     -- normal mode                          ; 223       ;
;     -- arithmetic mode                      ; 37        ;
;                                             ;           ;
; Total registers                             ; 403       ;
;     -- Dedicated logic registers            ; 403       ;
;     -- I/O registers                        ; 0         ;
;                                             ;           ;
; I/O pins                                    ; 38        ;
;                                             ;           ;
; Embedded Multiplier 9-bit elements          ; 2         ;
;                                             ;           ;
; Maximum fan-out node                        ; clk~input ;
; Maximum fan-out                             ; 403       ;
; Total fan-out                               ; 2217      ;
; Average fan-out                             ; 2.99      ;
+---------------------------------------------+-----------+


+-------------------------------------------------------------------------------------------------------------------------------------------------------------------------------------------------------------------------------------------------------------------------------------------------------------+
; Analysis & Synthesis Resource Utilization by Entity                                                                                                                                                                                                                                                         ;
+------------------------------------------+---------------------+---------------------------+-------------+--------------+---------+-----------+------+--------------+----------------------------------------------------------------------------------------------------+-------------------+--------------+
; Compilation Hierarchy Node               ; Combinational ALUTs ; Dedicated Logic Registers ; Memory Bits ; DSP Elements ; DSP 9x9 ; DSP 18x18 ; Pins ; Virtual Pins ; Full Hierarchy Name                                                                                ; Entity Name       ; Library Name ;
+------------------------------------------+---------------------+---------------------------+-------------+--------------+---------+-----------+------+--------------+----------------------------------------------------------------------------------------------------+-------------------+--------------+
; |comp_cic_wrp                            ; 260 (0)             ; 403 (37)                  ; 0           ; 2            ; 0       ; 1         ; 38   ; 0            ; |comp_cic_wrp                                                                                      ; comp_cic_wrp      ; work         ;
;    |comp_cic:UUT|                        ; 260 (0)             ; 366 (0)                   ; 0           ; 2            ; 0       ; 1         ; 0    ; 0            ; |comp_cic_wrp|comp_cic:UUT                                                                         ; comp_cic          ; work         ;
;       |comp_cic_pc:UUT|                  ; 260 (0)             ; 366 (19)                  ; 0           ; 2            ; 0       ; 1         ; 0    ; 0            ; |comp_cic_wrp|comp_cic:UUT|comp_cic_pc:UUT                                                         ; comp_cic_pc       ; work         ;
;          |comp_cic_control:control|      ; 21 (21)             ; 10 (10)                   ; 0           ; 0            ; 0       ; 0         ; 0    ; 0            ; |comp_cic_wrp|comp_cic:UUT|comp_cic_pc:UUT|comp_cic_control:control                                ; comp_cic_control  ; work         ;
;          |comp_cic_mac:mac|              ; 35 (35)             ; 34 (34)                   ; 0           ; 2            ; 0       ; 1         ; 0    ; 0            ; |comp_cic_wrp|comp_cic:UUT|comp_cic_pc:UUT|comp_cic_mac:mac                                        ; comp_cic_mac      ; work         ;
;             |lpm_mult:Mult0|             ; 0 (0)               ; 0 (0)                     ; 0           ; 2            ; 0       ; 1         ; 0    ; 0            ; |comp_cic_wrp|comp_cic:UUT|comp_cic_pc:UUT|comp_cic_mac:mac|lpm_mult:Mult0                         ; lpm_mult          ; work         ;
;                |mult_86t:auto_generated| ; 0 (0)               ; 0 (0)                     ; 0           ; 2            ; 0       ; 1         ; 0    ; 0            ; |comp_cic_wrp|comp_cic:UUT|comp_cic_pc:UUT|comp_cic_mac:mac|lpm_mult:Mult0|mult_86t:auto_generated ; mult_86t          ; work         ;
;          |comp_cic_reg_desp:reg_desp|    ; 176 (176)           ; 288 (288)                 ; 0           ; 0            ; 0       ; 0         ; 0    ; 0            ; |comp_cic_wrp|comp_cic:UUT|comp_cic_pc:UUT|comp_cic_reg_desp:reg_desp                              ; comp_cic_reg_desp ; work         ;
;          |comp_cic_rom:rom|              ; 28 (28)             ; 15 (15)                   ; 0           ; 0            ; 0       ; 0         ; 0    ; 0            ; |comp_cic_wrp|comp_cic:UUT|comp_cic_pc:UUT|comp_cic_rom:rom                                        ; comp_cic_rom      ; work         ;
+------------------------------------------+---------------------+---------------------------+-------------+--------------+---------+-----------+------+--------------+----------------------------------------------------------------------------------------------------+-------------------+--------------+
Note: For table entries with two numbers listed, the numbers in parentheses indicate the number of resources of the given type used by the specific entity alone. The numbers listed outside of parentheses indicate the total resources of the given type used by the specific entity and all of its sub-entities in the hierarchy.


+-----------------------------------------------------+
; Analysis & Synthesis DSP Block Usage Summary        ;
+---------------------------------------+-------------+
; Statistic                             ; Number Used ;
+---------------------------------------+-------------+
; Simple Multipliers (9-bit)            ; 0           ;
; Simple Multipliers (18-bit)           ; 1           ;
; Embedded Multiplier Blocks            ; --          ;
; Embedded Multiplier 9-bit elements    ; 2           ;
; Signed Embedded Multipliers           ; 1           ;
; Unsigned Embedded Multipliers         ; 0           ;
; Mixed Sign Embedded Multipliers       ; 0           ;
; Variable Sign Embedded Multipliers    ; 0           ;
; Dedicated Input Shift Register Chains ; 0           ;
+---------------------------------------+-------------+
Note: number of Embedded Multiplier Blocks used is only available after a successful fit.


Encoding Type:  One-Hot
+----------------------------------------------------------------------------------------------------------+
; State Machine - |comp_cic_wrp|comp_cic:UUT|comp_cic_pc:UUT|comp_cic_control:control|state                ;
+----------------------+----------------------+------------+---------------------+------------+------------+
; Name                 ; state.FINISH_COUNTER ; state.WAIT ; state.START_COUNTER ; state.IDLE ; state.DONE ;
+----------------------+----------------------+------------+---------------------+------------+------------+
; state.IDLE           ; 0                    ; 0          ; 0                   ; 0          ; 0          ;
; state.START_COUNTER  ; 0                    ; 0          ; 1                   ; 1          ; 0          ;
; state.WAIT           ; 0                    ; 1          ; 0                   ; 1          ; 0          ;
; state.FINISH_COUNTER ; 1                    ; 0          ; 0                   ; 1          ; 0          ;
; state.DONE           ; 0                    ; 0          ; 0                   ; 1          ; 1          ;
+----------------------+----------------------+------------+---------------------+------------+------------+


+----------------------------------------------------------------------------------------------------------------------------------------+
; Registers Removed During Synthesis                                                                                                     ;
+---------------------------------------------------------------+------------------------------------------------------------------------+
; Register name                                                 ; Reason for Removal                                                     ;
+---------------------------------------------------------------+------------------------------------------------------------------------+
; comp_cic:UUT|comp_cic_pc:UUT|comp_cic_rom:rom|b0_rom_r[13]    ; Merged with comp_cic:UUT|comp_cic_pc:UUT|comp_cic_rom:rom|b0_rom_r[17] ;
; comp_cic:UUT|comp_cic_pc:UUT|comp_cic_rom:rom|b0_rom_r[11,15] ; Merged with comp_cic:UUT|comp_cic_pc:UUT|comp_cic_rom:rom|b0_rom_r[16] ;
; comp_cic:UUT|comp_cic_pc:UUT|comp_cic_control:control|state~2 ; Lost fanout                                                            ;
; comp_cic:UUT|comp_cic_pc:UUT|comp_cic_control:control|state~3 ; Lost fanout                                                            ;
; Total Number of Removed Registers = 5                         ;                                                                        ;
+---------------------------------------------------------------+------------------------------------------------------------------------+


+------------------------------------------------------+
; General Register Statistics                          ;
+----------------------------------------------+-------+
; Statistic                                    ; Value ;
+----------------------------------------------+-------+
; Total registers                              ; 403   ;
; Number of registers using Synchronous Clear  ; 36    ;
; Number of registers using Synchronous Load   ; 0     ;
; Number of registers using Asynchronous Clear ; 0     ;
; Number of registers using Asynchronous Load  ; 0     ;
; Number of registers using Clock Enable       ; 328   ;
; Number of registers using Preset             ; 0     ;
+----------------------------------------------+-------+


+-----------------------------------------------------------------------------------------------------------------------------------------------------------------------------------------------------+
; Multiplexer Restructuring Statistics (Restructuring Performed)                                                                                                                                      ;
+--------------------+-----------+---------------+----------------------+------------------------+------------+---------------------------------------------------------------------------------------+
; Multiplexer Inputs ; Bus Width ; Baseline Area ; Area if Restructured ; Saving if Restructured ; Registered ; Example Multiplexer Output                                                            ;
+--------------------+-----------+---------------+----------------------+------------------------+------------+---------------------------------------------------------------------------------------+
; 3:1                ; 34 bits   ; 68 LEs        ; 34 LEs               ; 34 LEs                 ; Yes        ; |comp_cic_wrp|comp_cic:UUT|comp_cic_pc:UUT|comp_cic_mac:mac|accum_r[20]               ;
; 4:1                ; 5 bits    ; 10 LEs        ; 5 LEs                ; 5 LEs                  ; Yes        ; |comp_cic_wrp|comp_cic:UUT|comp_cic_pc:UUT|comp_cic_control:control|counter[4]        ;
; 32:1               ; 16 bits   ; 336 LEs       ; 192 LEs              ; 144 LEs                ; Yes        ; |comp_cic_wrp|comp_cic:UUT|comp_cic_pc:UUT|comp_cic_reg_desp:reg_desp|reg_desp_out[4] ;
+--------------------+-----------+---------------+----------------------+------------------------+------------+---------------------------------------------------------------------------------------+


+------------------------------------------------------------------------------+
; Parameter Settings for User Entity Instance: Top-level Entity: |comp_cic_wrp ;
+----------------+-------+-----------------------------------------------------+
; Parameter Name ; Value ; Type                                                ;
+----------------+-------+-----------------------------------------------------+
; reg_io         ; 1     ; Signed Integer                                      ;
+----------------+-------+-----------------------------------------------------+
Note: In order to hide this table in the UI and the text report file, please set the "Show Parameter Settings in Synthesis Report" option in "Analysis and Synthesis Settings -> More Settings" to "Off".


+-----------------------------------------------------------+
; Parameter Settings for User Entity Instance: comp_cic:UUT ;
+----------------+-------+----------------------------------+
; Parameter Name ; Value ; Type                             ;
+----------------+-------+----------------------------------+
; Win            ; 16    ; Signed Integer                   ;
; Wcoef          ; 18    ; Signed Integer                   ;
; Wout           ; 18    ; Signed Integer                   ;
; Num_coef       ; 17    ; Signed Integer                   ;
+----------------+-------+----------------------------------+
Note: In order to hide this table in the UI and the text report file, please set the "Show Parameter Settings in Synthesis Report" option in "Analysis and Synthesis Settings -> More Settings" to "Off".


+---------------------------------------------------------------------------+
; Parameter Settings for User Entity Instance: comp_cic:UUT|comp_cic_pc:UUT ;
+----------------+-------+--------------------------------------------------+
; Parameter Name ; Value ; Type                                             ;
+----------------+-------+--------------------------------------------------+
; Win            ; 16    ; Signed Integer                                   ;
; Wcoef          ; 18    ; Signed Integer                                   ;
; Num_coef       ; 17    ; Signed Integer                                   ;
+----------------+-------+--------------------------------------------------+
Note: In order to hide this table in the UI and the text report file, please set the "Show Parameter Settings in Synthesis Report" option in "Analysis and Synthesis Settings -> More Settings" to "Off".


+----------------------------------------------------------------------------------------------------+
; Parameter Settings for User Entity Instance: comp_cic:UUT|comp_cic_pc:UUT|comp_cic_control:control ;
+----------------+-------+---------------------------------------------------------------------------+
; Parameter Name ; Value ; Type                                                                      ;
+----------------+-------+---------------------------------------------------------------------------+
; Num_coef       ; 17    ; Signed Integer                                                            ;
+----------------+-------+---------------------------------------------------------------------------+
Note: In order to hide this table in the UI and the text report file, please set the "Show Parameter Settings in Synthesis Report" option in "Analysis and Synthesis Settings -> More Settings" to "Off".


+------------------------------------------------------------------------------------------------------+
; Parameter Settings for User Entity Instance: comp_cic:UUT|comp_cic_pc:UUT|comp_cic_reg_desp:reg_desp ;
+----------------+-------+-----------------------------------------------------------------------------+
; Parameter Name ; Value ; Type                                                                        ;
+----------------+-------+-----------------------------------------------------------------------------+
; Win            ; 16    ; Signed Integer                                                              ;
; Num_coef       ; 17    ; Signed Integer                                                              ;
+----------------+-------+-----------------------------------------------------------------------------+
Note: In order to hide this table in the UI and the text report file, please set the "Show Parameter Settings in Synthesis Report" option in "Analysis and Synthesis Settings -> More Settings" to "Off".


+--------------------------------------------------------------------------------------------+
; Parameter Settings for User Entity Instance: comp_cic:UUT|comp_cic_pc:UUT|comp_cic_rom:rom ;
+----------------+-------+-------------------------------------------------------------------+
; Parameter Name ; Value ; Type                                                              ;
+----------------+-------+-------------------------------------------------------------------+
; ADDR_WIDTH     ; 5     ; Signed Integer                                                    ;
; DATA_WIDTH     ; 18    ; Signed Integer                                                    ;
+----------------+-------+-------------------------------------------------------------------+
Note: In order to hide this table in the UI and the text report file, please set the "Show Parameter Settings in Synthesis Report" option in "Analysis and Synthesis Settings -> More Settings" to "Off".


+--------------------------------------------------------------------------------------------+
; Parameter Settings for User Entity Instance: comp_cic:UUT|comp_cic_pc:UUT|comp_cic_mac:mac ;
+----------------+-------+-------------------------------------------------------------------+
; Parameter Name ; Value ; Type                                                              ;
+----------------+-------+-------------------------------------------------------------------+
; Win            ; 16    ; Signed Integer                                                    ;
; Wcoef          ; 18    ; Signed Integer                                                    ;
; Wmultout       ; 34    ; Signed Integer                                                    ;
; Waccum         ; 34    ; Signed Integer                                                    ;
+----------------+-------+-------------------------------------------------------------------+
Note: In order to hide this table in the UI and the text report file, please set the "Show Parameter Settings in Synthesis Report" option in "Analysis and Synthesis Settings -> More Settings" to "Off".


+---------------------------------------------------------------------------------------------------------------+
; Parameter Settings for Inferred Entity Instance: comp_cic:UUT|comp_cic_pc:UUT|comp_cic_mac:mac|lpm_mult:Mult0 ;
+------------------------------------------------+--------------+-----------------------------------------------+
; Parameter Name                                 ; Value        ; Type                                          ;
+------------------------------------------------+--------------+-----------------------------------------------+
; AUTO_CARRY_CHAINS                              ; ON           ; AUTO_CARRY                                    ;
; IGNORE_CARRY_BUFFERS                           ; OFF          ; IGNORE_CARRY                                  ;
; AUTO_CASCADE_CHAINS                            ; ON           ; AUTO_CASCADE                                  ;
; IGNORE_CASCADE_BUFFERS                         ; OFF          ; IGNORE_CASCADE                                ;
; LPM_WIDTHA                                     ; 16           ; Untyped                                       ;
; LPM_WIDTHB                                     ; 18           ; Untyped                                       ;
; LPM_WIDTHP                                     ; 34           ; Untyped                                       ;
; LPM_WIDTHR                                     ; 34           ; Untyped                                       ;
; LPM_WIDTHS                                     ; 1            ; Untyped                                       ;
; LPM_REPRESENTATION                             ; SIGNED       ; Untyped                                       ;
; LPM_PIPELINE                                   ; 0            ; Untyped                                       ;
; LATENCY                                        ; 0            ; Untyped                                       ;
; INPUT_A_IS_CONSTANT                            ; NO           ; Untyped                                       ;
; INPUT_B_IS_CONSTANT                            ; NO           ; Untyped                                       ;
; USE_EAB                                        ; OFF          ; Untyped                                       ;
; MAXIMIZE_SPEED                                 ; 6            ; Untyped                                       ;
; DEVICE_FAMILY                                  ; Cyclone IV E ; Untyped                                       ;
; CARRY_CHAIN                                    ; MANUAL       ; Untyped                                       ;
; APEX20K_TECHNOLOGY_MAPPER                      ; LUT          ; TECH_MAPPER_APEX20K                           ;
; DEDICATED_MULTIPLIER_CIRCUITRY                 ; AUTO         ; Untyped                                       ;
; DEDICATED_MULTIPLIER_MIN_INPUT_WIDTH_FOR_AUTO  ; 0            ; Untyped                                       ;
; DEDICATED_MULTIPLIER_MIN_OUTPUT_WIDTH_FOR_AUTO ; 0            ; Untyped                                       ;
; CBXI_PARAMETER                                 ; mult_86t     ; Untyped                                       ;
; INPUT_A_FIXED_VALUE                            ; Bx           ; Untyped                                       ;
; INPUT_B_FIXED_VALUE                            ; Bx           ; Untyped                                       ;
; USE_AHDL_IMPLEMENTATION                        ; OFF          ; Untyped                                       ;
+------------------------------------------------+--------------+-----------------------------------------------+
Note: In order to hide this table in the UI and the text report file, please set the "Show Parameter Settings in Synthesis Report" option in "Analysis and Synthesis Settings -> More Settings" to "Off".


+------------------------------------------------------------------------------------------------------+
; lpm_mult Parameter Settings by Entity Instance                                                       ;
+---------------------------------------+--------------------------------------------------------------+
; Name                                  ; Value                                                        ;
+---------------------------------------+--------------------------------------------------------------+
; Number of entity instances            ; 1                                                            ;
; Entity Instance                       ; comp_cic:UUT|comp_cic_pc:UUT|comp_cic_mac:mac|lpm_mult:Mult0 ;
;     -- LPM_WIDTHA                     ; 16                                                           ;
;     -- LPM_WIDTHB                     ; 18                                                           ;
;     -- LPM_WIDTHP                     ; 34                                                           ;
;     -- LPM_REPRESENTATION             ; SIGNED                                                       ;
;     -- INPUT_A_IS_CONSTANT            ; NO                                                           ;
;     -- INPUT_B_IS_CONSTANT            ; NO                                                           ;
;     -- USE_EAB                        ; OFF                                                          ;
;     -- DEDICATED_MULTIPLIER_CIRCUITRY ; AUTO                                                         ;
;     -- INPUT_A_FIXED_VALUE            ; Bx                                                           ;
;     -- INPUT_B_FIXED_VALUE            ; Bx                                                           ;
+---------------------------------------+--------------------------------------------------------------+


+---------------------------------------------------------------------------------------------------------------------------------+
; Port Connectivity Checks: "comp_cic:UUT|comp_cic_pc:UUT"                                                                        ;
+-----------------------+--------+----------+-------------------------------------------------------------------------------------+
; Port                  ; Type   ; Severity ; Details                                                                             ;
+-----------------------+--------+----------+-------------------------------------------------------------------------------------+
; od_data_filter[15..0] ; Output ; Info     ; Connected to dangling logic. Logic that only feeds a dangling port will be removed. ;
+-----------------------+--------+----------+-------------------------------------------------------------------------------------+


+-----------------------------------------------------+
; Post-Synthesis Netlist Statistics for Top Partition ;
+-----------------------+-----------------------------+
; Type                  ; Count                       ;
+-----------------------+-----------------------------+
; boundary_port         ; 38                          ;
; cycloneiii_ff         ; 403                         ;
;     ENA               ; 294                         ;
;     ENA SCLR          ; 34                          ;
;     SCLR              ; 2                           ;
;     plain             ; 73                          ;
; cycloneiii_lcell_comb ; 260                         ;
;     arith             ; 37                          ;
;         2 data inputs ; 4                           ;
;         3 data inputs ; 33                          ;
;     normal            ; 223                         ;
;         1 data inputs ; 1                           ;
;         2 data inputs ; 13                          ;
;         3 data inputs ; 12                          ;
;         4 data inputs ; 197                         ;
; cycloneiii_mac_mult   ; 1                           ;
; cycloneiii_mac_out    ; 1                           ;
;                       ;                             ;
; Max LUT depth         ; 5.00                        ;
; Average LUT depth     ; 3.06                        ;
+-----------------------+-----------------------------+


+-------------------------------+
; Elapsed Time Per Partition    ;
+----------------+--------------+
; Partition Name ; Elapsed Time ;
+----------------+--------------+
; Top            ; 00:00:03     ;
+----------------+--------------+


+-------------------------------+
; Analysis & Synthesis Messages ;
+-------------------------------+
Info: *******************************************************************
Info: Running Quartus Prime Analysis & Synthesis
    Info: Version 17.1.1 Internal Build 593 12/11/2017 SJ Standard Edition
    Info: Processing started: Fri Apr 11 09:56:34 2025
Info: Command: quartus_map --read_settings_files=on --write_settings_files=off cic_comp -c cic_comp
Warning (18236): Number of processors has not been specified which may cause overloading on shared machines.  Set the global assignment NUM_PARALLEL_PROCESSORS in your QSF to an appropriate value for best performance.
Info (20030): Parallel compilation is enabled and will use 12 of the 12 processors detected
Info (12021): Found 1 design units, including 1 entities, in source file /master_1/pds-practicas/practica4/p4_1/src/comp_cic_wrp.sv
    Info (12023): Found entity 1: comp_cic_wrp File: W:/MASTER_1/PDS-Practicas/Practica4/P4_1/src/comp_cic_wrp.sv Line: 1
Info (12021): Found 1 design units, including 1 entities, in source file /master_1/pds-practicas/practica4/p4_1/src/comp_cic_rom.sv
    Info (12023): Found entity 1: comp_cic_rom File: W:/MASTER_1/PDS-Practicas/Practica4/P4_1/src/comp_cic_rom.sv Line: 1
Info (12021): Found 1 design units, including 1 entities, in source file /master_1/pds-practicas/practica4/p4_1/src/comp_cic_reg_desp.sv
    Info (12023): Found entity 1: comp_cic_reg_desp File: W:/MASTER_1/PDS-Practicas/Practica4/P4_1/src/comp_cic_reg_desp.sv Line: 1
Info (12021): Found 1 design units, including 1 entities, in source file /master_1/pds-practicas/practica4/p4_1/src/comp_cic_pc.sv
    Info (12023): Found entity 1: comp_cic_pc File: W:/MASTER_1/PDS-Practicas/Practica4/P4_1/src/comp_cic_pc.sv Line: 1
Info (12021): Found 1 design units, including 1 entities, in source file /master_1/pds-practicas/practica4/p4_1/src/comp_cic_mac.sv
    Info (12023): Found entity 1: comp_cic_mac File: W:/MASTER_1/PDS-Practicas/Practica4/P4_1/src/comp_cic_mac.sv Line: 1
Info (12021): Found 1 design units, including 1 entities, in source file /master_1/pds-practicas/practica4/p4_1/src/comp_cic_control.sv
    Info (12023): Found entity 1: comp_cic_control File: W:/MASTER_1/PDS-Practicas/Practica4/P4_1/src/comp_cic_control.sv Line: 1
Info (12021): Found 1 design units, including 1 entities, in source file /master_1/pds-practicas/practica4/p4_1/src/comp_cic.sv
    Info (12023): Found entity 1: comp_cic File: W:/MASTER_1/PDS-Practicas/Practica4/P4_1/src/comp_cic.sv Line: 1
Info (12127): Elaborating entity "comp_cic_wrp" for the top level hierarchy
Info (12128): Elaborating entity "comp_cic" for hierarchy "comp_cic:UUT" File: W:/MASTER_1/PDS-Practicas/Practica4/P4_1/src/comp_cic_wrp.sv Line: 54
Info (12128): Elaborating entity "comp_cic_pc" for hierarchy "comp_cic:UUT|comp_cic_pc:UUT" File: W:/MASTER_1/PDS-Practicas/Practica4/P4_1/src/comp_cic.sv Line: 23
Info (12128): Elaborating entity "comp_cic_control" for hierarchy "comp_cic:UUT|comp_cic_pc:UUT|comp_cic_control:control" File: W:/MASTER_1/PDS-Practicas/Practica4/P4_1/src/comp_cic_pc.sv Line: 28
Warning (10230): Verilog HDL assignment warning at comp_cic_control.sv(95): truncated value with size 32 to match size of target (5) File: W:/MASTER_1/PDS-Practicas/Practica4/P4_1/src/comp_cic_control.sv Line: 95
Info (12128): Elaborating entity "comp_cic_reg_desp" for hierarchy "comp_cic:UUT|comp_cic_pc:UUT|comp_cic_reg_desp:reg_desp" File: W:/MASTER_1/PDS-Practicas/Practica4/P4_1/src/comp_cic_pc.sv Line: 37
Info (12128): Elaborating entity "comp_cic_rom" for hierarchy "comp_cic:UUT|comp_cic_pc:UUT|comp_cic_rom:rom" File: W:/MASTER_1/PDS-Practicas/Practica4/P4_1/src/comp_cic_pc.sv Line: 44
Warning (10850): Verilog HDL warning at comp_cic_rom.sv(22): number of words (17) in memory file does not match the number of elements in the address range [0:31] File: W:/MASTER_1/PDS-Practicas/Practica4/P4_1/src/comp_cic_rom.sv Line: 22
Warning (10030): Net "rom.data_a" at comp_cic_rom.sv(11) has no driver or initial value, using a default initial value '0' File: W:/MASTER_1/PDS-Practicas/Practica4/P4_1/src/comp_cic_rom.sv Line: 11
Warning (10030): Net "rom.waddr_a" at comp_cic_rom.sv(11) has no driver or initial value, using a default initial value '0' File: W:/MASTER_1/PDS-Practicas/Practica4/P4_1/src/comp_cic_rom.sv Line: 11
Warning (10030): Net "rom.we_a" at comp_cic_rom.sv(11) has no driver or initial value, using a default initial value '0' File: W:/MASTER_1/PDS-Practicas/Practica4/P4_1/src/comp_cic_rom.sv Line: 11
Info (12128): Elaborating entity "comp_cic_mac" for hierarchy "comp_cic:UUT|comp_cic_pc:UUT|comp_cic_mac:mac" File: W:/MASTER_1/PDS-Practicas/Practica4/P4_1/src/comp_cic_pc.sv Line: 58
Info (276014): Found 1 instances of uninferred RAM logic
    Info (276004): RAM logic "comp_cic:UUT|comp_cic_pc:UUT|comp_cic_rom:rom|rom" is uninferred due to inappropriate RAM size File: W:/MASTER_1/PDS-Practicas/Practica4/P4_1/src/comp_cic_rom.sv Line: 11
Info (278001): Inferred 1 megafunctions from design logic
    Info (278003): Inferred multiplier megafunction ("lpm_mult") from the following logic: "comp_cic:UUT|comp_cic_pc:UUT|comp_cic_mac:mac|Mult0" File: W:/MASTER_1/PDS-Practicas/Practica4/P4_1/src/comp_cic_mac.sv Line: 18
Info (12130): Elaborated megafunction instantiation "comp_cic:UUT|comp_cic_pc:UUT|comp_cic_mac:mac|lpm_mult:Mult0" File: W:/MASTER_1/PDS-Practicas/Practica4/P4_1/src/comp_cic_mac.sv Line: 18
Info (12133): Instantiated megafunction "comp_cic:UUT|comp_cic_pc:UUT|comp_cic_mac:mac|lpm_mult:Mult0" with the following parameter: File: W:/MASTER_1/PDS-Practicas/Practica4/P4_1/src/comp_cic_mac.sv Line: 18
    Info (12134): Parameter "LPM_WIDTHA" = "16"
    Info (12134): Parameter "LPM_WIDTHB" = "18"
    Info (12134): Parameter "LPM_WIDTHP" = "34"
    Info (12134): Parameter "LPM_WIDTHR" = "34"
    Info (12134): Parameter "LPM_WIDTHS" = "1"
    Info (12134): Parameter "LPM_REPRESENTATION" = "SIGNED"
    Info (12134): Parameter "INPUT_A_IS_CONSTANT" = "NO"
    Info (12134): Parameter "INPUT_B_IS_CONSTANT" = "NO"
    Info (12134): Parameter "MAXIMIZE_SPEED" = "6"
Info (12021): Found 1 design units, including 1 entities, in source file db/mult_86t.tdf
    Info (12023): Found entity 1: mult_86t File: W:/MASTER_1/PDS-Practicas/Practica4/P4_1/quartus/db/mult_86t.tdf Line: 28
Info (286030): Timing-Driven Synthesis is running
Info (17049): 2 registers lost all their fanouts during netlist optimizations.
Info (16010): Generating hard_block partition "hard_block:auto_generated_inst"
    Info (16011): Adding 0 node(s), including 0 DDIO, 0 PLL, 0 transceiver and 0 LCELL
Info (21057): Implemented 628 device resources after synthesis - the final resource count might be different
    Info (21058): Implemented 19 input pins
    Info (21059): Implemented 19 output pins
    Info (21061): Implemented 588 logic cells
    Info (21062): Implemented 2 DSP elements
Info: Quartus Prime Analysis & Synthesis was successful. 0 errors, 6 warnings
    Info: Peak virtual memory: 728 megabytes
    Info: Processing ended: Fri Apr 11 09:57:14 2025
    Info: Elapsed time: 00:00:40
    Info: Total CPU time (on all processors): 00:00:32


