Analysis & Synthesis report for cic
Thu Mar 27 21:43:50 2025
Quartus Prime Version 17.1.1 Internal Build 593 12/11/2017 SJ Standard Edition


---------------------
; Table of Contents ;
---------------------
  1. Legal Notice
  2. Analysis & Synthesis Summary
  3. Analysis & Synthesis Settings
  4. Parallel Compilation
  5. Analysis & Synthesis Source Files Read
  6. Analysis & Synthesis Resource Usage Summary
  7. Analysis & Synthesis Resource Utilization by Entity
  8. Registers Removed During Synthesis
  9. General Register Statistics
 10. Multiplexer Restructuring Statistics (Restructuring Performed)
 11. Parameter Settings for User Entity Instance: Top-level Entity: |cic
 12. Parameter Settings for User Entity Instance: cic_pc:UUT
 13. Parameter Settings for User Entity Instance: cic_pc:UUT|cic_comb:comb
 14. Parameter Settings for User Entity Instance: cic_pc:UUT|cic_comb:gen_comb[1].comb
 15. Parameter Settings for User Entity Instance: cic_pc:UUT|cic_comb:gen_comb[2].comb
 16. Parameter Settings for User Entity Instance: cic_pc:UUT|cic_expander:expander
 17. Parameter Settings for User Entity Instance: cic_pc:UUT|cic_int:my_cic_int
 18. Parameter Settings for User Entity Instance: cic_pc:UUT|cic_int:gen_int[1].my_cic_int
 19. Parameter Settings for User Entity Instance: cic_pc:UUT|cic_int:gen_int[2].my_cic_int
 20. Post-Synthesis Netlist Statistics for Top Partition
 21. Elapsed Time Per Partition
 22. Analysis & Synthesis Messages



----------------
; Legal Notice ;
----------------
Copyright (C) 2017  Intel Corporation. All rights reserved.
Your use of Intel Corporation's design tools, logic functions 
and other software and tools, and its AMPP partner logic 
functions, and any output files from any of the foregoing 
(including device programming or simulation files), and any 
associated documentation or information are expressly subject 
to the terms and conditions of the Intel Program License 
Subscription Agreement, the Intel Quartus Prime License Agreement,
the Intel FPGA IP License Agreement, or other applicable license
agreement, including, without limitation, that your use is for
the sole purpose of programming logic devices manufactured by
Intel and sold by Intel or its authorized distributors.  Please
refer to the applicable agreement for further details.



+-----------------------------------------------------------------------------------------------+
; Analysis & Synthesis Summary                                                                  ;
+------------------------------------+----------------------------------------------------------+
; Analysis & Synthesis Status        ; Successful - Thu Mar 27 21:43:50 2025                    ;
; Quartus Prime Version              ; 17.1.1 Internal Build 593 12/11/2017 SJ Standard Edition ;
; Revision Name                      ; cic                                                      ;
; Top-level Entity Name              ; cic                                                      ;
; Family                             ; Cyclone IV E                                             ;
; Total logic elements               ; 351                                                      ;
;     Total combinational functions  ; 288                                                      ;
;     Dedicated logic registers      ; 300                                                      ;
; Total registers                    ; 300                                                      ;
; Total pins                         ; 49                                                       ;
; Total virtual pins                 ; 0                                                        ;
; Total memory bits                  ; 0                                                        ;
; Embedded Multiplier 9-bit elements ; 0                                                        ;
; Total PLLs                         ; 0                                                        ;
+------------------------------------+----------------------------------------------------------+


+----------------------------------------------------------------------------------------------------------------------+
; Analysis & Synthesis Settings                                                                                        ;
+----------------------------------------------------------------------------+--------------------+--------------------+
; Option                                                                     ; Setting            ; Default Value      ;
+----------------------------------------------------------------------------+--------------------+--------------------+
; Device                                                                     ; EP4CE115F29C7      ;                    ;
; Top-level entity name                                                      ; cic                ; cic                ;
; Family name                                                                ; Cyclone IV E       ; Cyclone V          ;
; Use smart compilation                                                      ; Off                ; Off                ;
; Enable parallel Assembler and TimeQuest Timing Analyzer during compilation ; On                 ; On                 ;
; Enable compact report table                                                ; Off                ; Off                ;
; Restructure Multiplexers                                                   ; Auto               ; Auto               ;
; Create Debugging Nodes for IP Cores                                        ; Off                ; Off                ;
; Preserve fewer node names                                                  ; On                 ; On                 ;
; Intel FPGA IP Evaluation Mode                                              ; Enable             ; Enable             ;
; Verilog Version                                                            ; Verilog_2001       ; Verilog_2001       ;
; VHDL Version                                                               ; VHDL_1993          ; VHDL_1993          ;
; State Machine Processing                                                   ; Auto               ; Auto               ;
; Safe State Machine                                                         ; Off                ; Off                ;
; Extract Verilog State Machines                                             ; On                 ; On                 ;
; Extract VHDL State Machines                                                ; On                 ; On                 ;
; Ignore Verilog initial constructs                                          ; Off                ; Off                ;
; Iteration limit for constant Verilog loops                                 ; 5000               ; 5000               ;
; Iteration limit for non-constant Verilog loops                             ; 250                ; 250                ;
; Add Pass-Through Logic to Inferred RAMs                                    ; On                 ; On                 ;
; Infer RAMs from Raw Logic                                                  ; On                 ; On                 ;
; Parallel Synthesis                                                         ; On                 ; On                 ;
; DSP Block Balancing                                                        ; Auto               ; Auto               ;
; NOT Gate Push-Back                                                         ; On                 ; On                 ;
; Power-Up Don't Care                                                        ; On                 ; On                 ;
; Remove Redundant Logic Cells                                               ; Off                ; Off                ;
; Remove Duplicate Registers                                                 ; On                 ; On                 ;
; Ignore CARRY Buffers                                                       ; Off                ; Off                ;
; Ignore CASCADE Buffers                                                     ; Off                ; Off                ;
; Ignore GLOBAL Buffers                                                      ; Off                ; Off                ;
; Ignore ROW GLOBAL Buffers                                                  ; Off                ; Off                ;
; Ignore LCELL Buffers                                                       ; Off                ; Off                ;
; Ignore SOFT Buffers                                                        ; On                 ; On                 ;
; Limit AHDL Integers to 32 Bits                                             ; Off                ; Off                ;
; Optimization Technique                                                     ; Balanced           ; Balanced           ;
; Carry Chain Length                                                         ; 70                 ; 70                 ;
; Auto Carry Chains                                                          ; On                 ; On                 ;
; Auto Open-Drain Pins                                                       ; On                 ; On                 ;
; Perform WYSIWYG Primitive Resynthesis                                      ; Off                ; Off                ;
; Auto ROM Replacement                                                       ; On                 ; On                 ;
; Auto RAM Replacement                                                       ; On                 ; On                 ;
; Auto DSP Block Replacement                                                 ; On                 ; On                 ;
; Auto Shift Register Replacement                                            ; Auto               ; Auto               ;
; Allow Shift Register Merging across Hierarchies                            ; Auto               ; Auto               ;
; Auto Clock Enable Replacement                                              ; On                 ; On                 ;
; Strict RAM Replacement                                                     ; Off                ; Off                ;
; Allow Synchronous Control Signals                                          ; On                 ; On                 ;
; Force Use of Synchronous Clear Signals                                     ; Off                ; Off                ;
; Auto RAM Block Balancing                                                   ; On                 ; On                 ;
; Auto RAM to Logic Cell Conversion                                          ; Off                ; Off                ;
; Auto Resource Sharing                                                      ; Off                ; Off                ;
; Allow Any RAM Size For Recognition                                         ; Off                ; Off                ;
; Allow Any ROM Size For Recognition                                         ; Off                ; Off                ;
; Allow Any Shift Register Size For Recognition                              ; Off                ; Off                ;
; Use LogicLock Constraints during Resource Balancing                        ; On                 ; On                 ;
; Ignore translate_off and synthesis_off directives                          ; Off                ; Off                ;
; Timing-Driven Synthesis                                                    ; On                 ; On                 ;
; Report Parameter Settings                                                  ; On                 ; On                 ;
; Report Source Assignments                                                  ; On                 ; On                 ;
; Report Connectivity Checks                                                 ; On                 ; On                 ;
; Ignore Maximum Fan-Out Assignments                                         ; Off                ; Off                ;
; Synchronization Register Chain Length                                      ; 2                  ; 2                  ;
; Power Optimization During Synthesis                                        ; Normal compilation ; Normal compilation ;
; HDL message level                                                          ; Level2             ; Level2             ;
; Suppress Register Optimization Related Messages                            ; Off                ; Off                ;
; Number of Removed Registers Reported in Synthesis Report                   ; 5000               ; 5000               ;
; Number of Swept Nodes Reported in Synthesis Report                         ; 5000               ; 5000               ;
; Number of Inverted Registers Reported in Synthesis Report                  ; 100                ; 100                ;
; Clock MUX Protection                                                       ; On                 ; On                 ;
; Auto Gated Clock Conversion                                                ; Off                ; Off                ;
; Block Design Naming                                                        ; Auto               ; Auto               ;
; SDC constraint protection                                                  ; Off                ; Off                ;
; Synthesis Effort                                                           ; Auto               ; Auto               ;
; Shift Register Replacement - Allow Asynchronous Clear Signal               ; On                 ; On                 ;
; Pre-Mapping Resynthesis Optimization                                       ; Off                ; Off                ;
; Analysis & Synthesis Message Level                                         ; Medium             ; Medium             ;
; Disable Register Merging Across Hierarchies                                ; Auto               ; Auto               ;
; Resource Aware Inference For Block RAM                                     ; On                 ; On                 ;
+----------------------------------------------------------------------------+--------------------+--------------------+


+------------------------------------------+
; Parallel Compilation                     ;
+----------------------------+-------------+
; Processors                 ; Number      ;
+----------------------------+-------------+
; Number detected on machine ; 12          ;
; Maximum allowed            ; 12          ;
;                            ;             ;
; Average used               ; 1.00        ;
; Maximum used               ; 12          ;
;                            ;             ;
; Usage by Processor         ; % Time Used ;
;     Processor 1            ; 100.0%      ;
;     Processors 2-12        ;   0.0%      ;
+----------------------------+-------------+


+----------------------------------------------------------------------------------------------------------------------------------------------------------+
; Analysis & Synthesis Source Files Read                                                                                                                   ;
+----------------------------------+-----------------+------------------------------+------------------------------------------------------------+---------+
; File Name with User-Entered Path ; Used in Netlist ; File Type                    ; File Name with Absolute Path                               ; Library ;
+----------------------------------+-----------------+------------------------------+------------------------------------------------------------+---------+
; ../src/cic_pc.sv                 ; yes             ; User SystemVerilog HDL File  ; W:/MASTER_1/PDS-Practicas/Practica3/P3/src/cic_pc.sv       ;         ;
; ../src/cic_int.sv                ; yes             ; User SystemVerilog HDL File  ; W:/MASTER_1/PDS-Practicas/Practica3/P3/src/cic_int.sv      ;         ;
; ../src/cic_expander.sv           ; yes             ; User SystemVerilog HDL File  ; W:/MASTER_1/PDS-Practicas/Practica3/P3/src/cic_expander.sv ;         ;
; ../src/cic_comb.sv               ; yes             ; User SystemVerilog HDL File  ; W:/MASTER_1/PDS-Practicas/Practica3/P3/src/cic_comb.sv     ;         ;
; ../src/cic.sv                    ; yes             ; User SystemVerilog HDL File  ; W:/MASTER_1/PDS-Practicas/Practica3/P3/src/cic.sv          ;         ;
+----------------------------------+-----------------+------------------------------+------------------------------------------------------------+---------+


+---------------------------------------------------------+
; Analysis & Synthesis Resource Usage Summary             ;
+---------------------------------------------+-----------+
; Resource                                    ; Usage     ;
+---------------------------------------------+-----------+
; Estimated Total logic elements              ; 351       ;
;                                             ;           ;
; Total combinational functions               ; 288       ;
; Logic element usage by number of LUT inputs ;           ;
;     -- 4 input functions                    ; 19        ;
;     -- 3 input functions                    ; 251       ;
;     -- <=2 input functions                  ; 18        ;
;                                             ;           ;
; Logic elements by mode                      ;           ;
;     -- normal mode                          ; 80        ;
;     -- arithmetic mode                      ; 208       ;
;                                             ;           ;
; Total registers                             ; 300       ;
;     -- Dedicated logic registers            ; 300       ;
;     -- I/O registers                        ; 0         ;
;                                             ;           ;
; I/O pins                                    ; 49        ;
;                                             ;           ;
; Embedded Multiplier 9-bit elements          ; 0         ;
;                                             ;           ;
; Maximum fan-out node                        ; clk~input ;
; Maximum fan-out                             ; 300       ;
; Total fan-out                               ; 1845      ;
; Average fan-out                             ; 2.69      ;
+---------------------------------------------+-----------+


+------------------------------------------------------------------------------------------------------------------------------------------------------------------------------------------------------------------------------------------------+
; Analysis & Synthesis Resource Utilization by Entity                                                                                                                                                                                            ;
+---------------------------------------+---------------------+---------------------------+-------------+--------------+---------+-----------+------+--------------+-----------------------------------------------+--------------+--------------+
; Compilation Hierarchy Node            ; Combinational ALUTs ; Dedicated Logic Registers ; Memory Bits ; DSP Elements ; DSP 9x9 ; DSP 18x18 ; Pins ; Virtual Pins ; Full Hierarchy Name                           ; Entity Name  ; Library Name ;
+---------------------------------------+---------------------+---------------------------+-------------+--------------+---------+-----------+------+--------------+-----------------------------------------------+--------------+--------------+
; |cic                                  ; 288 (43)            ; 300 (0)                   ; 0           ; 0            ; 0       ; 0         ; 49   ; 0            ; |cic                                          ; cic          ; work         ;
;    |cic_pc:UUT|                       ; 245 (0)             ; 300 (0)                   ; 0           ; 0            ; 0       ; 0         ; 0    ; 0            ; |cic|cic_pc:UUT                               ; cic_pc       ; work         ;
;       |cic_comb:comb|                 ; 19 (19)             ; 38 (38)                   ; 0           ; 0            ; 0       ; 0         ; 0    ; 0            ; |cic|cic_pc:UUT|cic_comb:comb                 ; cic_comb     ; work         ;
;       |cic_comb:gen_comb[1].comb|     ; 20 (20)             ; 40 (40)                   ; 0           ; 0            ; 0       ; 0         ; 0    ; 0            ; |cic|cic_pc:UUT|cic_comb:gen_comb[1].comb     ; cic_comb     ; work         ;
;       |cic_comb:gen_comb[2].comb|     ; 21 (21)             ; 42 (42)                   ; 0           ; 0            ; 0       ; 0         ; 0    ; 0            ; |cic|cic_pc:UUT|cic_comb:gen_comb[2].comb     ; cic_comb     ; work         ;
;       |cic_expander:expander|         ; 41 (41)             ; 33 (33)                   ; 0           ; 0            ; 0       ; 0         ; 0    ; 0            ; |cic|cic_pc:UUT|cic_expander:expander         ; cic_expander ; work         ;
;       |cic_int:gen_int[1].my_cic_int| ; 48 (48)             ; 49 (49)                   ; 0           ; 0            ; 0       ; 0         ; 0    ; 0            ; |cic|cic_pc:UUT|cic_int:gen_int[1].my_cic_int ; cic_int      ; work         ;
;       |cic_int:gen_int[2].my_cic_int| ; 48 (48)             ; 49 (49)                   ; 0           ; 0            ; 0       ; 0         ; 0    ; 0            ; |cic|cic_pc:UUT|cic_int:gen_int[2].my_cic_int ; cic_int      ; work         ;
;       |cic_int:my_cic_int|            ; 48 (48)             ; 49 (49)                   ; 0           ; 0            ; 0       ; 0         ; 0    ; 0            ; |cic|cic_pc:UUT|cic_int:my_cic_int            ; cic_int      ; work         ;
+---------------------------------------+---------------------+---------------------------+-------------+--------------+---------+-----------+------+--------------+-----------------------------------------------+--------------+--------------+
Note: For table entries with two numbers listed, the numbers in parentheses indicate the number of resources of the given type used by the specific entity alone. The numbers listed outside of parentheses indicate the total resources of the given type used by the specific entity and all of its sub-entities in the hierarchy.


+--------------------------------------------------------------------------------------------------------------------------+
; Registers Removed During Synthesis                                                                                       ;
+--------------------------------------------------------+-----------------------------------------------------------------+
; Register name                                          ; Reason for Removal                                              ;
+--------------------------------------------------------+-----------------------------------------------------------------+
; cic_pc:UUT|cic_comb:comb|data_delay[18..20]            ; Merged with cic_pc:UUT|cic_comb:comb|data_delay[17]             ;
; cic_pc:UUT|cic_comb:comb|od_data_r[19,20]              ; Merged with cic_pc:UUT|cic_comb:comb|od_data_r[18]              ;
; cic_pc:UUT|cic_comb:gen_comb[1].comb|data_delay[19,20] ; Merged with cic_pc:UUT|cic_comb:gen_comb[1].comb|data_delay[18] ;
; cic_pc:UUT|cic_comb:gen_comb[1].comb|od_data_r[19]     ; Merged with cic_pc:UUT|cic_comb:gen_comb[1].comb|od_data_r[20]  ;
; cic_pc:UUT|cic_comb:gen_comb[2].comb|data_delay[19]    ; Merged with cic_pc:UUT|cic_comb:gen_comb[2].comb|data_delay[20] ;
; Total Number of Removed Registers = 9                  ;                                                                 ;
+--------------------------------------------------------+-----------------------------------------------------------------+


+------------------------------------------------------+
; General Register Statistics                          ;
+----------------------------------------------+-------+
; Statistic                                    ; Value ;
+----------------------------------------------+-------+
; Total registers                              ; 300   ;
; Number of registers using Synchronous Clear  ; 11    ;
; Number of registers using Synchronous Load   ; 0     ;
; Number of registers using Asynchronous Clear ; 0     ;
; Number of registers using Asynchronous Load  ; 0     ;
; Number of registers using Clock Enable       ; 293   ;
; Number of registers using Preset             ; 0     ;
+----------------------------------------------+-------+


+------------------------------------------------------------------------------------------------------------------------------------------------------------------+
; Multiplexer Restructuring Statistics (Restructuring Performed)                                                                                                   ;
+--------------------+-----------+---------------+----------------------+------------------------+------------+----------------------------------------------------+
; Multiplexer Inputs ; Bus Width ; Baseline Area ; Area if Restructured ; Saving if Restructured ; Registered ; Example Multiplexer Output                         ;
+--------------------+-----------+---------------+----------------------+------------------------+------------+----------------------------------------------------+
; 4:1                ; 21 bits   ; 42 LEs        ; 21 LEs               ; 21 LEs                 ; Yes        ; |cic|cic_pc:UUT|cic_expander:expander|o_data_r[13] ;
; 5:1                ; 11 bits   ; 33 LEs        ; 11 LEs               ; 22 LEs                 ; Yes        ; |cic|cic_pc:UUT|cic_expander:expander|counter[2]   ;
; 3:1                ; 27 bits   ; 54 LEs        ; 54 LEs               ; 0 LEs                  ; No         ; |cic|sat_od_data                                   ;
+--------------------+-----------+---------------+----------------------+------------------------+------------+----------------------------------------------------+


+---------------------------------------------------------------------+
; Parameter Settings for User Entity Instance: Top-level Entity: |cic ;
+----------------+-------+--------------------------------------------+
; Parameter Name ; Value ; Type                                       ;
+----------------+-------+--------------------------------------------+
; Win            ; 18    ; Signed Integer                             ;
; Ncomb          ; 1     ; Signed Integer                             ;
; Ng             ; 27    ; Signed Integer                             ;
; Wout           ; 27    ; Signed Integer                             ;
; K              ; 0     ; Signed Integer                             ;
; R              ; 2000  ; Signed Integer                             ;
+----------------+-------+--------------------------------------------+
Note: In order to hide this table in the UI and the text report file, please set the "Show Parameter Settings in Synthesis Report" option in "Analysis and Synthesis Settings -> More Settings" to "Off".


+---------------------------------------------------------+
; Parameter Settings for User Entity Instance: cic_pc:UUT ;
+----------------+-------+--------------------------------+
; Parameter Name ; Value ; Type                           ;
+----------------+-------+--------------------------------+
; Win            ; 18    ; Signed Integer                 ;
; Ncomb          ; 1     ; Signed Integer                 ;
; Ng             ; 27    ; Signed Integer                 ;
; R              ; 2000  ; Signed Integer                 ;
+----------------+-------+--------------------------------+
Note: In order to hide this table in the UI and the text report file, please set the "Show Parameter Settings in Synthesis Report" option in "Analysis and Synthesis Settings -> More Settings" to "Off".


+-----------------------------------------------------------------------+
; Parameter Settings for User Entity Instance: cic_pc:UUT|cic_comb:comb ;
+----------------+-------+----------------------------------------------+
; Parameter Name ; Value ; Type                                         ;
+----------------+-------+----------------------------------------------+
; W              ; 21    ; Signed Integer                               ;
+----------------+-------+----------------------------------------------+
Note: In order to hide this table in the UI and the text report file, please set the "Show Parameter Settings in Synthesis Report" option in "Analysis and Synthesis Settings -> More Settings" to "Off".


+-----------------------------------------------------------------------------------+
; Parameter Settings for User Entity Instance: cic_pc:UUT|cic_comb:gen_comb[1].comb ;
+----------------+-------+----------------------------------------------------------+
; Parameter Name ; Value ; Type                                                     ;
+----------------+-------+----------------------------------------------------------+
; W              ; 21    ; Signed Integer                                           ;
+----------------+-------+----------------------------------------------------------+
Note: In order to hide this table in the UI and the text report file, please set the "Show Parameter Settings in Synthesis Report" option in "Analysis and Synthesis Settings -> More Settings" to "Off".


+-----------------------------------------------------------------------------------+
; Parameter Settings for User Entity Instance: cic_pc:UUT|cic_comb:gen_comb[2].comb ;
+----------------+-------+----------------------------------------------------------+
; Parameter Name ; Value ; Type                                                     ;
+----------------+-------+----------------------------------------------------------+
; W              ; 21    ; Signed Integer                                           ;
+----------------+-------+----------------------------------------------------------+
Note: In order to hide this table in the UI and the text report file, please set the "Show Parameter Settings in Synthesis Report" option in "Analysis and Synthesis Settings -> More Settings" to "Off".


+-------------------------------------------------------------------------------+
; Parameter Settings for User Entity Instance: cic_pc:UUT|cic_expander:expander ;
+----------------+-------+------------------------------------------------------+
; Parameter Name ; Value ; Type                                                 ;
+----------------+-------+------------------------------------------------------+
; W              ; 21    ; Signed Integer                                       ;
; R              ; 2000  ; Signed Integer                                       ;
+----------------+-------+------------------------------------------------------+
Note: In order to hide this table in the UI and the text report file, please set the "Show Parameter Settings in Synthesis Report" option in "Analysis and Synthesis Settings -> More Settings" to "Off".


+----------------------------------------------------------------------------+
; Parameter Settings for User Entity Instance: cic_pc:UUT|cic_int:my_cic_int ;
+----------------+-------+---------------------------------------------------+
; Parameter Name ; Value ; Type                                              ;
+----------------+-------+---------------------------------------------------+
; W              ; 48    ; Signed Integer                                    ;
+----------------+-------+---------------------------------------------------+
Note: In order to hide this table in the UI and the text report file, please set the "Show Parameter Settings in Synthesis Report" option in "Analysis and Synthesis Settings -> More Settings" to "Off".


+---------------------------------------------------------------------------------------+
; Parameter Settings for User Entity Instance: cic_pc:UUT|cic_int:gen_int[1].my_cic_int ;
+----------------+-------+--------------------------------------------------------------+
; Parameter Name ; Value ; Type                                                         ;
+----------------+-------+--------------------------------------------------------------+
; W              ; 48    ; Signed Integer                                               ;
+----------------+-------+--------------------------------------------------------------+
Note: In order to hide this table in the UI and the text report file, please set the "Show Parameter Settings in Synthesis Report" option in "Analysis and Synthesis Settings -> More Settings" to "Off".


+---------------------------------------------------------------------------------------+
; Parameter Settings for User Entity Instance: cic_pc:UUT|cic_int:gen_int[2].my_cic_int ;
+----------------+-------+--------------------------------------------------------------+
; Parameter Name ; Value ; Type                                                         ;
+----------------+-------+--------------------------------------------------------------+
; W              ; 48    ; Signed Integer                                               ;
+----------------+-------+--------------------------------------------------------------+
Note: In order to hide this table in the UI and the text report file, please set the "Show Parameter Settings in Synthesis Report" option in "Analysis and Synthesis Settings -> More Settings" to "Off".


+-----------------------------------------------------+
; Post-Synthesis Netlist Statistics for Top Partition ;
+-----------------------+-----------------------------+
; Type                  ; Count                       ;
+-----------------------+-----------------------------+
; boundary_port         ; 49                          ;
; cycloneiii_ff         ; 300                         ;
;     ENA               ; 282                         ;
;     ENA SCLR          ; 11                          ;
;     plain             ; 7                           ;
; cycloneiii_lcell_comb ; 288                         ;
;     arith             ; 208                         ;
;         2 data inputs ; 10                          ;
;         3 data inputs ; 198                         ;
;     normal            ; 80                          ;
;         1 data inputs ; 1                           ;
;         2 data inputs ; 7                           ;
;         3 data inputs ; 53                          ;
;         4 data inputs ; 19                          ;
;                       ;                             ;
; Max LUT depth         ; 5.70                        ;
; Average LUT depth     ; 3.41                        ;
+-----------------------+-----------------------------+


+-------------------------------+
; Elapsed Time Per Partition    ;
+----------------+--------------+
; Partition Name ; Elapsed Time ;
+----------------+--------------+
; Top            ; 00:00:01     ;
+----------------+--------------+


+-------------------------------+
; Analysis & Synthesis Messages ;
+-------------------------------+
Info: *******************************************************************
Info: Running Quartus Prime Analysis & Synthesis
    Info: Version 17.1.1 Internal Build 593 12/11/2017 SJ Standard Edition
    Info: Processing started: Thu Mar 27 21:43:19 2025
Info: Command: quartus_map --read_settings_files=on --write_settings_files=off cic -c cic
Warning (18236): Number of processors has not been specified which may cause overloading on shared machines.  Set the global assignment NUM_PARALLEL_PROCESSORS in your QSF to an appropriate value for best performance.
Info (20030): Parallel compilation is enabled and will use 12 of the 12 processors detected
Info (12021): Found 1 design units, including 1 entities, in source file /master_1/pds-practicas/practica3/p3/src/cic_wrp.sv
    Info (12023): Found entity 1: cic_wrp File: W:/MASTER_1/PDS-Practicas/Practica3/P3/src/cic_wrp.sv Line: 1
Info (12021): Found 1 design units, including 1 entities, in source file /master_1/pds-practicas/practica3/p3/src/cic_pc.sv
    Info (12023): Found entity 1: cic_pc File: W:/MASTER_1/PDS-Practicas/Practica3/P3/src/cic_pc.sv Line: 1
Info (12021): Found 1 design units, including 1 entities, in source file /master_1/pds-practicas/practica3/p3/src/cic_int.sv
    Info (12023): Found entity 1: cic_int File: W:/MASTER_1/PDS-Practicas/Practica3/P3/src/cic_int.sv Line: 1
Info (12021): Found 1 design units, including 1 entities, in source file /master_1/pds-practicas/practica3/p3/src/cic_expander.sv
    Info (12023): Found entity 1: cic_expander File: W:/MASTER_1/PDS-Practicas/Practica3/P3/src/cic_expander.sv Line: 1
Info (12021): Found 1 design units, including 1 entities, in source file /master_1/pds-practicas/practica3/p3/src/cic_comb.sv
    Info (12023): Found entity 1: cic_comb File: W:/MASTER_1/PDS-Practicas/Practica3/P3/src/cic_comb.sv Line: 1
Info (12021): Found 1 design units, including 1 entities, in source file /master_1/pds-practicas/practica3/p3/src/cic.sv
    Info (12023): Found entity 1: cic File: W:/MASTER_1/PDS-Practicas/Practica3/P3/src/cic.sv Line: 1
Info (12127): Elaborating entity "cic" for the top level hierarchy
Info (12128): Elaborating entity "cic_pc" for hierarchy "cic_pc:UUT" File: W:/MASTER_1/PDS-Practicas/Practica3/P3/src/cic.sv Line: 28
Info (12128): Elaborating entity "cic_comb" for hierarchy "cic_pc:UUT|cic_comb:comb" File: W:/MASTER_1/PDS-Practicas/Practica3/P3/src/cic_pc.sv Line: 40
Info (12128): Elaborating entity "cic_expander" for hierarchy "cic_pc:UUT|cic_expander:expander" File: W:/MASTER_1/PDS-Practicas/Practica3/P3/src/cic_pc.sv Line: 66
Warning (10230): Verilog HDL assignment warning at cic_expander.sv(29): truncated value with size 32 to match size of target (11) File: W:/MASTER_1/PDS-Practicas/Practica3/P3/src/cic_expander.sv Line: 29
Info (12128): Elaborating entity "cic_int" for hierarchy "cic_pc:UUT|cic_int:my_cic_int" File: W:/MASTER_1/PDS-Practicas/Practica3/P3/src/cic_pc.sv Line: 82
Info (286030): Timing-Driven Synthesis is running
Info (16010): Generating hard_block partition "hard_block:auto_generated_inst"
    Info (16011): Adding 0 node(s), including 0 DDIO, 0 PLL, 0 transceiver and 0 LCELL
Info (21057): Implemented 400 device resources after synthesis - the final resource count might be different
    Info (21058): Implemented 21 input pins
    Info (21059): Implemented 28 output pins
    Info (21061): Implemented 351 logic cells
Info: Quartus Prime Analysis & Synthesis was successful. 0 errors, 2 warnings
    Info: Peak virtual memory: 730 megabytes
    Info: Processing ended: Thu Mar 27 21:43:50 2025
    Info: Elapsed time: 00:00:31
    Info: Total CPU time (on all processors): 00:00:27


